[debug] [2021-05-20T12:20:39.836Z] ----------------------------------------------------------------------
[debug] [2021-05-20T12:20:39.838Z] Command:       C:\Program Files\nodejs\node.exe C:\Users\Chris\AppData\Roaming\npm\node_modules\firebase-tools\lib\bin\firebase.js init
[debug] [2021-05-20T12:20:39.839Z] CLI Version:   9.11.0
[debug] [2021-05-20T12:20:39.839Z] Platform:      win32
[debug] [2021-05-20T12:20:39.839Z] Node Version:  v12.19.0
[debug] [2021-05-20T12:20:39.840Z] Time:          Thu May 20 2021 07:20:39 GMT-0500 (GMT-05:00)
[debug] [2021-05-20T12:20:39.840Z] ----------------------------------------------------------------------
[debug] 
[debug] [2021-05-20T12:20:39.843Z] >>> [apiv2][query] GET https://firebase-public.firebaseio.com/cli.json [none]
[debug] [2021-05-20T12:20:39.876Z] > command requires scopes: ["email","openid","https://www.googleapis.com/auth/cloudplatformprojects.readonly","https://www.googleapis.com/auth/firebase","https://www.googleapis.com/auth/cloud-platform"]
[debug] [2021-05-20T12:20:39.876Z] > authorizing via signed-in user (chrisdietrich3666@gmail.com)
[info] 
     ######## #### ########  ######## ########     ###     ######  ########
     ##        ##  ##     ## ##       ##     ##  ##   ##  ##       ##
     ######    ##  ########  ######   ########  #########  ######  ######
     ##        ##  ##    ##  ##       ##     ## ##     ##       ## ##
     ##       #### ##     ## ######## ########  ##     ##  ######  ########

You're about to initialize a Firebase project in this directory:

  C:\Users\Chris\OneDrive\Current Projects\english-in-eight-react-final

[debug] [2021-05-20T12:20:40.306Z] <<< [apiv2][status] GET https://firebase-public.firebaseio.com/cli.json 200
[debug] [2021-05-20T12:20:40.307Z] <<< [apiv2][body] GET https://firebase-public.firebaseio.com/cli.json {"cloudBuildErrorAfter":1594252800000,"cloudBuildWarnAfter":1590019200000,"defaultNode10After":1594252800000,"minVersion":"3.0.5","node8DeploysDisabledAfter":1613390400000,"node8RuntimeDisabledAfter":1615809600000,"node8WarnAfter":1600128000000}
